<?xml version="1.0" encoding="UTF-8"?>
<testsuite name="Cucumber" time="0.313" tests="14" skipped="0" failures="13" errors="0">
<testcase classname="Register" name="" time="0.011">
</testcase>
<testcase classname="Register" name="To check Register with mandatroy filed only" time="0.023">
<failure type="java.lang.NullPointerException" message="Cannot invoke &quot;org.openqa.selenium.JavascriptExecutor.executeScript(String, Object[])&quot; because &quot;org.demo.base.CommonUtility.driver&quot; is null">
<![CDATA[java.lang.NullPointerException: Cannot invoke "org.openqa.selenium.JavascriptExecutor.executeScript(String, Object[])" because "org.demo.base.CommonUtility.driver" is null
	at org.demo.base.CommonUtility.launchUrl(CommonUtility.java:71)
	at org.demo.stepdefination.CommonSteps.openBrowserAndLaunchUrl(CommonSteps.java:56)
	at ✽.Open Browser "<browser>" and launch url(file:///C:/Users/Badhrinarayanan/eclipse-workspace-2/DemoOpenCart-Project/src/test/resources/Features/01_Registraction.feature:5)
]]>
</failure>
<system-out><![CDATA[
Given Open Browser "<browser>" and launch url...............................failed
When click "register_link" button...........................................skipped
When enter mandatroy filed only.............................................skipped
And click "register_submit" button..........................................skipped
Then system should display "registrationCompleted" message..................skipped
]]></system-out>
</testcase>
<testcase classname="Register" name="To check Register with invalid credential" time="0.006">
<failure type="java.lang.NullPointerException" message="Cannot invoke &quot;org.openqa.selenium.JavascriptExecutor.executeScript(String, Object[])&quot; because &quot;org.demo.base.CommonUtility.driver&quot; is null">
<![CDATA[java.lang.NullPointerException: Cannot invoke "org.openqa.selenium.JavascriptExecutor.executeScript(String, Object[])" because "org.demo.base.CommonUtility.driver" is null
	at org.demo.base.CommonUtility.launchUrl(CommonUtility.java:71)
	at org.demo.stepdefination.CommonSteps.openBrowserAndLaunchUrl(CommonSteps.java:56)
	at ✽.Open Browser "<browser>" and launch url(file:///C:/Users/Badhrinarayanan/eclipse-workspace-2/DemoOpenCart-Project/src/test/resources/Features/01_Registraction.feature:5)
]]>
</failure>
<system-out><![CDATA[
Given Open Browser "<browser>" and launch url...............................failed
When click "register_link" button...........................................skipped
When enter invalid register email...........................................skipped
Then system should display "registerEmail_Error" message....................skipped
]]></system-out>
</testcase>
<testcase classname="Register" name="To check Register with invalid credential" time="0.003">
<failure type="java.lang.NullPointerException" message="Cannot invoke &quot;org.openqa.selenium.JavascriptExecutor.executeScript(String, Object[])&quot; because &quot;org.demo.base.CommonUtility.driver&quot; is null">
<![CDATA[java.lang.NullPointerException: Cannot invoke "org.openqa.selenium.JavascriptExecutor.executeScript(String, Object[])" because "org.demo.base.CommonUtility.driver" is null
	at org.demo.base.CommonUtility.launchUrl(CommonUtility.java:71)
	at org.demo.stepdefination.CommonSteps.openBrowserAndLaunchUrl(CommonSteps.java:56)
	at ✽.Open Browser "<browser>" and launch url(file:///C:/Users/Badhrinarayanan/eclipse-workspace-2/DemoOpenCart-Project/src/test/resources/Features/01_Registraction.feature:5)
]]>
</failure>
<system-out><![CDATA[
Given Open Browser "<browser>" and launch url...............................failed
When click "register_link" button...........................................skipped
When enter different confirm password.......................................skipped
Then system should display "registerPassword_Error" message.................skipped
]]></system-out>
</testcase>
<testcase classname="Login" name="To check Login with valid credential" time="0.007">
<failure type="java.lang.NullPointerException" message="Cannot invoke &quot;org.openqa.selenium.TakesScreenshot.getScreenshotAs(org.openqa.selenium.OutputType)&quot; because &quot;org.demo.stepdefination.HooksSteps.driver&quot; is null">
<![CDATA[java.lang.NullPointerException: Cannot invoke "org.openqa.selenium.TakesScreenshot.getScreenshotAs(org.openqa.selenium.OutputType)" because "org.demo.stepdefination.HooksSteps.driver" is null
	at org.demo.stepdefination.HooksSteps.tearDown(HooksSteps.java:27)
]]>
</failure>
<system-out><![CDATA[
Given Open Browser and launch url...........................................undefined
When click "login_link" button..............................................skipped
When enter email and password...............................................skipped
And click "login_submit" button.............................................skipped
Then user should navigate to home page......................................skipped
]]></system-out>
</testcase>
<testcase classname="Login" name="To check Login with invalid credential" time="0.005">
<failure type="java.lang.NullPointerException" message="Cannot invoke &quot;org.openqa.selenium.TakesScreenshot.getScreenshotAs(org.openqa.selenium.OutputType)&quot; because &quot;org.demo.stepdefination.HooksSteps.driver&quot; is null">
<![CDATA[java.lang.NullPointerException: Cannot invoke "org.openqa.selenium.TakesScreenshot.getScreenshotAs(org.openqa.selenium.OutputType)" because "org.demo.stepdefination.HooksSteps.driver" is null
	at org.demo.stepdefination.HooksSteps.tearDown(HooksSteps.java:27)
]]>
</failure>
<system-out><![CDATA[
Given Open Browser and launch url...........................................undefined
When click "login_link" button..............................................skipped
When enter invalid login email..............................................skipped
Then system should display "loginEmail_Error" message.......................skipped
]]></system-out>
</testcase>
<testcase classname="Login" name="To check Login with invalid credential" time="0.004">
<failure type="java.lang.NullPointerException" message="Cannot invoke &quot;org.openqa.selenium.TakesScreenshot.getScreenshotAs(org.openqa.selenium.OutputType)&quot; because &quot;org.demo.stepdefination.HooksSteps.driver&quot; is null">
<![CDATA[java.lang.NullPointerException: Cannot invoke "org.openqa.selenium.TakesScreenshot.getScreenshotAs(org.openqa.selenium.OutputType)" because "org.demo.stepdefination.HooksSteps.driver" is null
	at org.demo.stepdefination.HooksSteps.tearDown(HooksSteps.java:27)
]]>
</failure>
<system-out><![CDATA[
Given Open Browser and launch url...........................................undefined
When click "login_link" button..............................................skipped
When enter invalid login password...........................................skipped
And click "login_submit" button.............................................skipped
Then system should display "loginFail" message..............................skipped
]]></system-out>
</testcase>
<testcase classname="Login" name="To check Login with invalid credential" time="0.008">
<failure type="java.lang.NullPointerException" message="Cannot invoke &quot;org.openqa.selenium.TakesScreenshot.getScreenshotAs(org.openqa.selenium.OutputType)&quot; because &quot;org.demo.stepdefination.HooksSteps.driver&quot; is null">
<![CDATA[java.lang.NullPointerException: Cannot invoke "org.openqa.selenium.TakesScreenshot.getScreenshotAs(org.openqa.selenium.OutputType)" because "org.demo.stepdefination.HooksSteps.driver" is null
	at org.demo.stepdefination.HooksSteps.tearDown(HooksSteps.java:27)
]]>
</failure>
<system-out><![CDATA[
Given Open Browser and launch url...........................................undefined
When click "login_link" button..............................................skipped
When leave empty email and password.........................................skipped
And click "login_submit" button.............................................skipped
Then system should display "loginFail" message..............................skipped
]]></system-out>
</testcase>
<testcase classname="AddToCart" name="Add product to cart from product listing page" time="0.006">
<failure type="java.lang.NullPointerException" message="Cannot invoke &quot;org.openqa.selenium.TakesScreenshot.getScreenshotAs(org.openqa.selenium.OutputType)&quot; because &quot;org.demo.stepdefination.HooksSteps.driver&quot; is null">
<![CDATA[java.lang.NullPointerException: Cannot invoke "org.openqa.selenium.TakesScreenshot.getScreenshotAs(org.openqa.selenium.OutputType)" because "org.demo.stepdefination.HooksSteps.driver" is null
	at org.demo.stepdefination.HooksSteps.tearDown(HooksSteps.java:27)
]]>
</failure>
<system-out><![CDATA[
Given Open Browser and launch url...........................................undefined
When the user enters a "validProductName" in the search field...............skipped
And click "search" button...................................................skipped
And the user selects a product from the listing.............................skipped
And click "Add to Cart" button..............................................skipped
Then system should display "success" message................................skipped
]]></system-out>
</testcase>
<testcase classname="AddToCart" name="View product in cart after adding" time="0.003">
<failure type="java.lang.NullPointerException" message="Cannot invoke &quot;org.openqa.selenium.TakesScreenshot.getScreenshotAs(org.openqa.selenium.OutputType)&quot; because &quot;org.demo.stepdefination.HooksSteps.driver&quot; is null">
<![CDATA[java.lang.NullPointerException: Cannot invoke "org.openqa.selenium.TakesScreenshot.getScreenshotAs(org.openqa.selenium.OutputType)" because "org.demo.stepdefination.HooksSteps.driver" is null
	at org.demo.stepdefination.HooksSteps.tearDown(HooksSteps.java:27)
]]>
</failure>
<system-out><![CDATA[
Given Open Browser and launch url...........................................undefined
When the user enters a "validProductName" in the search field...............skipped
And click "search" button...................................................skipped
And click "Add to Cart" button..............................................skipped
And click "shopping Cart" button............................................skipped
And check added product should present in the cart page.....................skipped
]]></system-out>
</testcase>
<testcase classname="AddToCart" name="Search product using invalid product name" time="0.005">
<failure type="java.lang.NullPointerException" message="Cannot invoke &quot;org.openqa.selenium.TakesScreenshot.getScreenshotAs(org.openqa.selenium.OutputType)&quot; because &quot;org.demo.stepdefination.HooksSteps.driver&quot; is null">
<![CDATA[java.lang.NullPointerException: Cannot invoke "org.openqa.selenium.TakesScreenshot.getScreenshotAs(org.openqa.selenium.OutputType)" because "org.demo.stepdefination.HooksSteps.driver" is null
	at org.demo.stepdefination.HooksSteps.tearDown(HooksSteps.java:27)
]]>
</failure>
<system-out><![CDATA[
Given Open Browser and launch url...........................................undefined
When the user enters a "invalidProductName" in the search field.............skipped
And click "search" button...................................................skipped
Then "No products were found" message should be displayed...................skipped
]]></system-out>
</testcase>
<testcase classname="AddToCart" name="Search product without entering product name" time="0.005">
<failure type="java.lang.NullPointerException" message="Cannot invoke &quot;org.openqa.selenium.TakesScreenshot.getScreenshotAs(org.openqa.selenium.OutputType)&quot; because &quot;org.demo.stepdefination.HooksSteps.driver&quot; is null">
<![CDATA[java.lang.NullPointerException: Cannot invoke "org.openqa.selenium.TakesScreenshot.getScreenshotAs(org.openqa.selenium.OutputType)" because "org.demo.stepdefination.HooksSteps.driver" is null
	at org.demo.stepdefination.HooksSteps.tearDown(HooksSteps.java:27)
]]>
</failure>
<system-out><![CDATA[
Given Open Browser and launch url...........................................undefined
When click "search" button..................................................skipped
Then system should display "alert" message..................................skipped
]]></system-out>
</testcase>
<testcase classname="Checkout" name="Navigate to checkout page without accept terms and conditions" time="0.006">
<failure type="java.lang.NullPointerException" message="Cannot invoke &quot;org.openqa.selenium.TakesScreenshot.getScreenshotAs(org.openqa.selenium.OutputType)&quot; because &quot;org.demo.stepdefination.HooksSteps.driver&quot; is null">
<![CDATA[java.lang.NullPointerException: Cannot invoke "org.openqa.selenium.TakesScreenshot.getScreenshotAs(org.openqa.selenium.OutputType)" because "org.demo.stepdefination.HooksSteps.driver" is null
	at org.demo.stepdefination.HooksSteps.tearDown(HooksSteps.java:27)
]]>
</failure>
<system-out><![CDATA[
Given Open Browser and launch url...........................................undefined
And the user logs in with valid credentials.................................skipped
And the user add product to the cart........................................skipped
When click "Checkout" button................................................skipped
Then system should display "termsAndConditionsWarning" message..............skipped
]]></system-out>
</testcase>
<testcase classname="Checkout" name="Verify order confirm details and place order" time="0.004">
<failure type="java.lang.NullPointerException" message="Cannot invoke &quot;org.openqa.selenium.TakesScreenshot.getScreenshotAs(org.openqa.selenium.OutputType)&quot; because &quot;org.demo.stepdefination.HooksSteps.driver&quot; is null">
<![CDATA[java.lang.NullPointerException: Cannot invoke "org.openqa.selenium.TakesScreenshot.getScreenshotAs(org.openqa.selenium.OutputType)" because "org.demo.stepdefination.HooksSteps.driver" is null
	at org.demo.stepdefination.HooksSteps.tearDown(HooksSteps.java:27)
]]>
</failure>
<system-out><![CDATA[
Given Open Browser and launch url...........................................undefined
And the user logs in with valid credentials.................................skipped
And the user add product to the cart........................................skipped
Given user accept terms and condition.......................................skipped
When click "Checkout" button................................................skipped
And process all checkout steps..............................................skipped
Then system should display "orderConfirm" message...........................skipped
]]></system-out>
</testcase>
</testsuite>
