<?xml version="1.0" encoding="UTF-8"?>
<testsuite name="Cucumber" time="29.158" tests="2" skipped="0" failures="0" errors="0">
<testcase classname="Checkout" name="Navigate to checkout page without accept terms and conditions" time="11.45">
<system-out><![CDATA[
Given Open Browser and launch url...........................................passed
And the user logs in with valid credentials.................................passed
And the user add product to the cart........................................passed
When click "Checkout" button................................................passed
Then system should display "termsAndConditionsWarning" message..............passed
]]></system-out>
</testcase>
<testcase classname="Checkout" name="Verify order confirm details and place order" time="17.569">
<system-out><![CDATA[
Given Open Browser and launch url...........................................passed
And the user logs in with valid credentials.................................passed
And the user add product to the cart........................................passed
Given user accept terms and condition.......................................passed
When click "Checkout" button................................................passed
And process all checkout steps..............................................passed
Then system should display "orderConfirm" message...........................passed
]]></system-out>
</testcase>
</testsuite>
