<?xml version="1.0" encoding="UTF-8"?>
<testsuite name="Cucumber" time="22.065" tests="2" skipped="0" failures="1" errors="0">
<testcase classname="AddToCart" name="View product in cart after adding" time="8.78">
<system-out><![CDATA[
Given Open Browser and launch url...........................................passed
When the user enters a "validProductName" in the search field...............passed
And click "search" button...................................................passed
And click "Add to Cart" button..............................................passed
And click "shopping Cart" button............................................passed
And check added product should present in the cart page.....................passed
]]></system-out>
</testcase>
<testcase classname="Checkout" name="Verify order confirm details and place order" time="13.145">
<failure type="org.openqa.selenium.ElementNotInteractableException" message="element not interactable: Element is not currently visible and may not be manipulated
  (Session info: chrome=144.0.7559.97)
Build info: version: '4.21.0', revision: '79ed462ef4'
System info: os.name: 'Windows 11', os.arch: 'amd64', os.version: '10.0', java.version: '21.0.9'
Driver info: org.openqa.selenium.chrome.ChromeDriver
Command: [0322955fbdd4efc62ab80a974cf8c584, clickElement {id=f.AA8DBD83BC74F0CF39363828D30D7A5D.d.0B725D327AF1B803CC701BAE78FC28E9.e.132}]
Capabilities {acceptInsecureCerts: false, browserName: chrome, browserVersion: 144.0.7559.97, chrome: {chromedriverVersion: 144.0.7559.96 (d7b80622cfab..., userDataDir: C:\Users\BADHRI~1\AppData\L...}, fedcm:accounts: true, goog:chromeOptions: {debuggerAddress: localhost:60706}, goog:processID: 15096, networkConnectionEnabled: false, pageLoadStrategy: normal, platformName: windows, proxy: Proxy(), se:cdp: ws://localhost:60706/devtoo..., se:cdpVersion: 144.0.7559.97, setWindowRect: true, strictFileInteractability: false, timeouts: {implicit: 0, pageLoad: 300000, script: 30000}, unhandledPromptBehavior: dismiss and notify, webauthn:extension:credBlob: true, webauthn:extension:largeBlob: true, webauthn:extension:minPinLength: true, webauthn:extension:prf: true, webauthn:virtualAuthenticators: true}
Element: [[[[ChromeDriver: chrome on windows (0322955fbdd4efc62ab80a974cf8c584)] -&gt; xpath: //select[@id='BillingNewAddress_CountryId']]] -&gt; xpath: .//option[normalize-space(.) = &quot;India&quot;]]
Session ID: 0322955fbdd4efc62ab80a974cf8c584">
<![CDATA[org.openqa.selenium.ElementNotInteractableException: element not interactable: Element is not currently visible and may not be manipulated
  (Session info: chrome=144.0.7559.97)
Build info: version: '4.21.0', revision: '79ed462ef4'
System info: os.name: 'Windows 11', os.arch: 'amd64', os.version: '10.0', java.version: '21.0.9'
Driver info: org.openqa.selenium.chrome.ChromeDriver
Command: [0322955fbdd4efc62ab80a974cf8c584, clickElement {id=f.AA8DBD83BC74F0CF39363828D30D7A5D.d.0B725D327AF1B803CC701BAE78FC28E9.e.132}]
Capabilities {acceptInsecureCerts: false, browserName: chrome, browserVersion: 144.0.7559.97, chrome: {chromedriverVersion: 144.0.7559.96 (d7b80622cfab..., userDataDir: C:\Users\BADHRI~1\AppData\L...}, fedcm:accounts: true, goog:chromeOptions: {debuggerAddress: localhost:60706}, goog:processID: 15096, networkConnectionEnabled: false, pageLoadStrategy: normal, platformName: windows, proxy: Proxy(), se:cdp: ws://localhost:60706/devtoo..., se:cdpVersion: 144.0.7559.97, setWindowRect: true, strictFileInteractability: false, timeouts: {implicit: 0, pageLoad: 300000, script: 30000}, unhandledPromptBehavior: dismiss and notify, webauthn:extension:credBlob: true, webauthn:extension:largeBlob: true, webauthn:extension:minPinLength: true, webauthn:extension:prf: true, webauthn:virtualAuthenticators: true}
Element: [[[[ChromeDriver: chrome on windows (0322955fbdd4efc62ab80a974cf8c584)] -> xpath: //select[@id='BillingNewAddress_CountryId']]] -> xpath: .//option[normalize-space(.) = "India"]]
Session ID: 0322955fbdd4efc62ab80a974cf8c584
	at java.base/jdk.internal.reflect.DirectConstructorHandleAccessor.newInstance(DirectConstructorHandleAccessor.java:62)
	at java.base/java.lang.reflect.Constructor.newInstanceWithCaller(Constructor.java:502)
	at java.base/java.lang.reflect.Constructor.newInstance(Constructor.java:486)
	at org.openqa.selenium.remote.ErrorCodec.decode(ErrorCodec.java:167)
	at org.openqa.selenium.remote.codec.w3c.W3CHttpResponseCodec.decode(W3CHttpResponseCodec.java:138)
	at org.openqa.selenium.remote.codec.w3c.W3CHttpResponseCodec.decode(W3CHttpResponseCodec.java:50)
	at org.openqa.selenium.remote.HttpCommandExecutor.execute(HttpCommandExecutor.java:190)
	at org.openqa.selenium.remote.service.DriverCommandExecutor.invokeExecute(DriverCommandExecutor.java:216)
	at org.openqa.selenium.remote.service.DriverCommandExecutor.execute(DriverCommandExecutor.java:174)
	at org.openqa.selenium.remote.RemoteWebDriver.execute(RemoteWebDriver.java:518)
	at org.openqa.selenium.remote.RemoteWebElement.execute(RemoteWebElement.java:223)
	at org.openqa.selenium.remote.RemoteWebElement.click(RemoteWebElement.java:76)
	at org.openqa.selenium.support.ui.Select.setSelected(Select.java:315)
	at org.openqa.selenium.support.ui.Select.selectByVisibleText(Select.java:119)
	at org.demo.pom.CheckoutPage.checkOutProcess(CheckoutPage.java:102)
	at org.demo.stepdefination.CheckoutSteps.processAllCheckoutSteps(CheckoutSteps.java:35)
	at âœ½.process all checkout steps(file:///C:/Users/Badhrinarayanan/eclipse-workspace-2/DemoOpenCart-Project/src/test/resources/Features/04_Checkout.feature:18)
]]>
</failure>
<system-out><![CDATA[
Given Open Browser and launch url...........................................passed
And the user logs in with valid credentials.................................passed
And the user add product to the cart........................................passed
Given user accept terms and condition.......................................passed
When click "Checkout" button................................................passed
And process all checkout steps..............................................failed
Then system should display "orderConfirm" message...........................skipped
]]></system-out>
</testcase>
</testsuite>
